assignment.html     http://outreach.vlabs.ac.in/
feedback.html     http://outreach.vlabs.ac.in/
index.html     http://outreach.vlabs.ac.in/
performance-report.html     http://vlab.co.in
procedure.html     http://outreach.vlabs.ac.in/
theory.html     http://outreach.vlabs.ac.in/
validator-report.html     http://vlab.co.in
simulation/chunking/content.html     http://www.sakshat.ac.in/
simulation/chunking/content.html     http://outreach.vlabs.ac.in/
simulation/chunking/content.html     http://vlab.co.in/faq
simulation/chunking/default.html     http://en.wikipedia.org/wiki/
                Simple_harmonic_motion
simulation/chunking/default.html     http://www.physics.uoguelph.ca/
                tutorials/shm/Q.shm.html
simulation/chunking/default.html     http://surendranath.tripod.com/Applets/
                Oscillations/SHM/SHMApplet.html
simulation/chunking/default.html     http://www.sakshat.ac.in/
simulation/chunking/default.html     http://outreach.vlabs.ac.in/
simulation/chunking/default.html     http://vlab.co.in/faq
simulation/chunking/template1.html     http://vlabs.ac.in/index.html
simulation/chunking/template1.html     http://vlabs.ac.in/index.html
simulation/chunking/template1.html     http://vlabs.ac.in/index.html#partner
simulation/chunking/template1.html     http://vlabs.ac.in/index.html#contact
simulation/chunking/template1.html     http://www.sakshat.ac.in/
simulation/chunking/template1.html     http://outreach.vlabs.ac.in/
simulation/chunking/template1.html     http://vlab.co.in/faq
